<?xml version="1.0" encoding="UTF-8"?>
<testsuite xmlns:xsi="http://www.w3.org/2001/XMLSchema-instance" xsi:noNamespaceSchemaLocation="https://maven.apache.org/surefire/maven-surefire-plugin/xsd/surefire-test-report.xsd" version="3.0.2" name="com.example.MLTaskTest" time="0.125" tests="1" errors="0" skipped="0" failures="0">
  <properties>
[...]
</properties>
  <testcase name="mainShouldRunWithoutThrowing" classname="com.example.MLTaskTest" time="0.063">
    <system-out><![CDATA[ok
]]></system-out>
  </testcase>
</testsuite>