{"C:\\Users\\User\\Downloads\\GWorkspaceReportsAPISentinelConn\\GWorkspaceReportsAPISentinelConnector\\ArduinoIOTclient.js": {"path":"C:\\Users\\User\\Downloads\\GWorkspaceReportsAPISentinelConn\\GWorkspaceReportsAPISentinelConnector\\ArduinoIOTclient.js","statementMap":{"0":{"start":{"line":3,"column":11},"end":{"line":3,"column":24}},"1":{"start":{"line":4,"column":17},"end":{"line":4,"column":36}},"2":{"start":{"line":5,"column":19},"end":{"line":5,"column":42}},"3":{"start":{"line":6,"column":25},"end":{"line":6,"column":63}},"4":{"start":{"line":9,"column":0},"end":{"line":18,"column":5}},"5":{"start":{"line":10,"column":4},"end":{"line":10,"column":57}},"6":{"start":{"line":11,"column":4},"end":{"line":11,"column":83}},"7":{"start":{"line":12,"column":4},"end":{"line":12,"column":79}},"8":{"start":{"line":14,"column":4},"end":{"line":17,"column":41}},"9":{"start":{"line":17,"column":17},"end":{"line":17,"column":38}},"10":{"start":{"line":21,"column":25},"end":{"line":21,"column":51}},"11":{"start":{"line":22,"column":19},"end":{"line":22,"column":30}},"12":{"start":{"line":23,"column":17},"end":{"line":23,"column":35}},"13":{"start":{"line":24,"column":15},"end":{"line":24,"column":60}},"14":{"start":{"line":26,"column":21},"end":{"line":30,"column":1}},"15":{"start":{"line":32,"column":0},"end":{"line":39,"column":3}},"16":{"start":{"line":33,"column":4},"end":{"line":38,"column":5}},"17":{"start":{"line":34,"column":8},"end":{"line":34,"column":88}},"18":{"start":{"line":36,"column":8},"end":{"line":36,"column":58}},"19":{"start":{"line":37,"column":8},"end":{"line":37,"column":53}},"20":{"start":{"line":42,"column":0},"end":{"line":53,"column":5}},"21":{"start":{"line":43,"column":19},"end":{"line":43,"column":54}},"22":{"start":{"line":44,"column":19},"end":{"line":44,"column":48}},"23":{"start":{"line":45,"column":4},"end":{"line":45,"column":42}},"24":{"start":{"line":47,"column":16},"end":{"line":47,"column":57}},"25":{"start":{"line":48,"column":4},"end":{"line":52,"column":7}},"26":{"start":{"line":49,"column":8},"end":{"line":49,"column":29}},"27":{"start":{"line":51,"column":8},"end":{"line":51,"column":27}},"28":{"start":{"line":56,"column":15},"end":{"line":56,"column":41}},"29":{"start":{"line":58,"column":20},"end":{"line":69,"column":5}},"30":{"start":{"line":71,"column":4},"end":{"line":77,"column":5}},"31":{"start":{"line":72,"column":25},"end":{"line":72,"column":42}},"32":{"start":{"line":73,"column":8},"end":{"line":73,"column":62}},"33":{"start":{"line":74,"column":8},"end":{"line":74,"column":37}},"34":{"start":{"line":76,"column":8},"end":{"line":76,"column":66}}},"fnMap":{"0":{"name":"(anonymous_0)","decl":{"start":{"line":9,"column":1},"end":{"line":9,"column":2}},"loc":{"start":{"line":9,"column":13},"end":{"line":18,"column":1}},"line":9},"1":{"name":"(anonymous_1)","decl":{"start":{"line":17,"column":10},"end":{"line":17,"column":11}},"loc":{"start":{"line":17,"column":17},"end":{"line":17,"column":38}},"line":17},"2":{"name":"(anonymous_2)","decl":{"start":{"line":32,"column":50},"end":{"line":32,"column":51}},"loc":{"start":{"line":32,"column":73},"end":{"line":39,"column":1}},"line":32},"3":{"name":"(anonymous_3)","decl":{"start":{"line":42,"column":1},"end":{"line":42,"column":2}},"loc":{"start":{"line":42,"column":13},"end":{"line":53,"column":1}},"line":42},"4":{"name":"(anonymous_4)","decl":{"start":{"line":48,"column":29},"end":{"line":48,"column":30}},"loc":{"start":{"line":48,"column":40},"end":{"line":50,"column":5}},"line":48},"5":{"name":"(anonymous_5)","decl":{"start":{"line":50,"column":7},"end":{"line":50,"column":8}},"loc":{"start":{"line":50,"column":16},"end":{"line":52,"column":5}},"line":50},"6":{"name":"getToken","decl":{"start":{"line":55,"column":15},"end":{"line":55,"column":23}},"loc":{"start":{"line":55,"column":26},"end":{"line":78,"column":1}},"line":55}},"branchMap":{"0":{"loc":{"start":{"line":33,"column":4},"end":{"line":38,"column":5}},"type":"if","locations":[{"start":{"line":33,"column":4},"end":{"line":38,"column":5}},{"start":{"line":35,"column":11},"end":{"line":38,"column":5}}],"line":33}},"s":{"0":0,"1":0,"2":0,"3":0,"4":0,"5":0,"6":0,"7":0,"8":0,"9":0,"10":0,"11":0,"12":0,"13":0,"14":0,"15":0,"16":0,"17":0,"18":0,"19":0,"20":0,"21":0,"22":0,"23":0,"24":0,"25":0,"26":0,"27":0,"28":0,"29":0,"30":0,"31":0,"32":0,"33":0,"34":0},"f":{"0":0,"1":0,"2":0,"3":0,"4":0,"5":0,"6":0},"b":{"0":[0,0]}}
,"C:\\Users\\User\\Downloads\\GWorkspaceReportsAPISentinelConn\\GWorkspaceReportsAPISentinelConnector\\joshaik.js": {"path":"C:\\Users\\User\\Downloads\\GWorkspaceReportsAPISentinelConn\\GWorkspaceReportsAPISentinelConnector\\joshaik.js","statementMap":{"0":{"start":{"line":2,"column":14},"end":{"line":2,"column":30}},"1":{"start":{"line":5,"column":2},"end":{"line":43,"column":5}},"2":{"start":{"line":6,"column":17},"end":{"line":6,"column":43}},"3":{"start":{"line":7,"column":20},"end":{"line":7,"column":57}},"4":{"start":{"line":9,"column":18},"end":{"line":9,"column":23}},"5":{"start":{"line":10,"column":18},"end":{"line":16,"column":17}},"6":{"start":{"line":11,"column":6},"end":{"line":15,"column":7}},"7":{"start":{"line":12,"column":8},"end":{"line":12,"column":23}},"8":{"start":{"line":13,"column":8},"end":{"line":13,"column":42}},"9":{"start":{"line":13,"column":14},"end":{"line":13,"column":27}},"10":{"start":{"line":14,"column":8},"end":{"line":14,"column":50}},"11":{"start":{"line":18,"column":4},"end":{"line":25,"column":7}},"12":{"start":{"line":19,"column":6},"end":{"line":24,"column":7}},"13":{"start":{"line":20,"column":8},"end":{"line":20,"column":23}},"14":{"start":{"line":21,"column":8},"end":{"line":21,"column":28}},"15":{"start":{"line":22,"column":8},"end":{"line":22,"column":42}},"16":{"start":{"line":22,"column":14},"end":{"line":22,"column":27}},"17":{"start":{"line":23,"column":8},"end":{"line":23,"column":87}},"18":{"start":{"line":27,"column":4},"end":{"line":33,"column":7}},"19":{"start":{"line":28,"column":6},"end":{"line":28,"column":26}},"20":{"start":{"line":28,"column":19},"end":{"line":28,"column":26}},"21":{"start":{"line":29,"column":6},"end":{"line":29,"column":21}},"22":{"start":{"line":30,"column":6},"end":{"line":30,"column":26}},"23":{"start":{"line":31,"column":6},"end":{"line":31,"column":40}},"24":{"start":{"line":31,"column":12},"end":{"line":31,"column":25}},"25":{"start":{"line":32,"column":6},"end":{"line":32,"column":66}},"26":{"start":{"line":35,"column":4},"end":{"line":42,"column":7}},"27":{"start":{"line":36,"column":6},"end":{"line":41,"column":7}},"28":{"start":{"line":37,"column":8},"end":{"line":37,"column":23}},"29":{"start":{"line":38,"column":8},"end":{"line":38,"column":28}},"30":{"start":{"line":39,"column":8},"end":{"line":39,"column":42}},"31":{"start":{"line":39,"column":14},"end":{"line":39,"column":27}},"32":{"start":{"line":40,"column":8},"end":{"line":40,"column":87}},"33":{"start":{"line":46,"column":0},"end":{"line":46,"column":33}}},"fnMap":{"0":{"name":"udpEchoDemo","decl":{"start":{"line":4,"column":9},"end":{"line":4,"column":20}},"loc":{"start":{"line":4,"column":72},"end":{"line":44,"column":1}},"line":4},"1":{"name":"(anonymous_1)","decl":{"start":{"line":5,"column":21},"end":{"line":5,"column":22}},"loc":{"start":{"line":5,"column":34},"end":{"line":43,"column":3}},"line":5},"2":{"name":"(anonymous_2)","decl":{"start":{"line":10,"column":29},"end":{"line":10,"column":30}},"loc":{"start":{"line":10,"column":35},"end":{"line":16,"column":5}},"line":10},"3":{"name":"(anonymous_3)","decl":{"start":{"line":18,"column":21},"end":{"line":18,"column":22}},"loc":{"start":{"line":18,"column":30},"end":{"line":25,"column":5}},"line":18},"4":{"name":"(anonymous_4)","decl":{"start":{"line":27,"column":23},"end":{"line":27,"column":24}},"loc":{"start":{"line":27,"column":39},"end":{"line":33,"column":5}},"line":27},"5":{"name":"(anonymous_5)","decl":{"start":{"line":35,"column":35},"end":{"line":35,"column":36}},"loc":{"start":{"line":35,"column":44},"end":{"line":42,"column":5}},"line":35}},"branchMap":{"0":{"loc":{"start":{"line":4,"column":21},"end":{"line":4,"column":39}},"type":"default-arg","locations":[{"start":{"line":4,"column":28},"end":{"line":4,"column":39}}],"line":4},"1":{"loc":{"start":{"line":4,"column":41},"end":{"line":4,"column":52}},"type":"default-arg","locations":[{"start":{"line":4,"column":48},"end":{"line":4,"column":52}}],"line":4},"2":{"loc":{"start":{"line":4,"column":54},"end":{"line":4,"column":70}},"type":"default-arg","locations":[{"start":{"line":4,"column":66},"end":{"line":4,"column":70}}],"line":4},"3":{"loc":{"start":{"line":11,"column":6},"end":{"line":15,"column":7}},"type":"if","locations":[{"start":{"line":11,"column":6},"end":{"line":15,"column":7}},{"start":{},"end":{}}],"line":11},"4":{"loc":{"start":{"line":19,"column":6},"end":{"line":24,"column":7}},"type":"if","locations":[{"start":{"line":19,"column":6},"end":{"line":24,"column":7}},{"start":{},"end":{}}],"line":19},"5":{"loc":{"start":{"line":23,"column":37},"end":{"line":23,"column":83}},"type":"cond-expr","locations":[{"start":{"line":23,"column":58},"end":{"line":23,"column":69}},{"start":{"line":23,"column":72},"end":{"line":23,"column":83}}],"line":23},"6":{"loc":{"start":{"line":23,"column":37},"end":{"line":23,"column":55}},"type":"binary-expr","locations":[{"start":{"line":23,"column":37},"end":{"line":23,"column":40}},{"start":{"line":23,"column":44},"end":{"line":23,"column":55}}],"line":23},"7":{"loc":{"start":{"line":28,"column":6},"end":{"line":28,"column":26}},"type":"if","locations":[{"start":{"line":28,"column":6},"end":{"line":28,"column":26}},{"start":{},"end":{}}],"line":28},"8":{"loc":{"start":{"line":36,"column":6},"end":{"line":41,"column":7}},"type":"if","locations":[{"start":{"line":36,"column":6},"end":{"line":41,"column":7}},{"start":{},"end":{}}],"line":36},"9":{"loc":{"start":{"line":36,"column":10},"end":{"line":36,"column":25}},"type":"binary-expr","locations":[{"start":{"line":36,"column":10},"end":{"line":36,"column":13}},{"start":{"line":36,"column":17},"end":{"line":36,"column":25}}],"line":36},"10":{"loc":{"start":{"line":40,"column":37},"end":{"line":40,"column":83}},"type":"cond-expr","locations":[{"start":{"line":40,"column":58},"end":{"line":40,"column":69}},{"start":{"line":40,"column":72},"end":{"line":40,"column":83}}],"line":40},"11":{"loc":{"start":{"line":40,"column":37},"end":{"line":40,"column":55}},"type":"binary-expr","locations":[{"start":{"line":40,"column":37},"end":{"line":40,"column":40}},{"start":{"line":40,"column":44},"end":{"line":40,"column":55}}],"line":40}},"s":{"0":0,"1":0,"2":0,"3":0,"4":0,"5":0,"6":0,"7":0,"8":0,"9":0,"10":0,"11":0,"12":0,"13":0,"14":0,"15":0,"16":0,"17":0,"18":0,"19":0,"20":0,"21":0,"22":0,"23":0,"24":0,"25":0,"26":0,"27":0,"28":0,"29":0,"30":0,"31":0,"32":0,"33":0},"f":{"0":0,"1":0,"2":0,"3":0,"4":0,"5":0},"b":{"0":[0],"1":[0],"2":[0],"3":[0,0],"4":[0,0],"5":[0,0],"6":[0,0],"7":[0,0],"8":[0,0],"9":[0,0],"10":[0,0],"11":[0,0]}}
,"C:\\Users\\User\\Downloads\\GWorkspaceReportsAPISentinelConn\\GWorkspaceReportsAPISentinelConnector\\main.js": {"path":"C:\\Users\\User\\Downloads\\GWorkspaceReportsAPISentinelConn\\GWorkspaceReportsAPISentinelConnector\\main.js","statementMap":{"0":{"start":{"line":4,"column":11},"end":{"line":4,"column":24}},"1":{"start":{"line":5,"column":17},"end":{"line":5,"column":36}},"2":{"start":{"line":6,"column":19},"end":{"line":6,"column":41}},"3":{"start":{"line":10,"column":17},"end":{"line":19,"column":1}},"4":{"start":{"line":12,"column":4},"end":{"line":17,"column":6}},"5":{"start":{"line":15,"column":8},"end":{"line":15,"column":50}},"6":{"start":{"line":22,"column":0},"end":{"line":31,"column":5}},"7":{"start":{"line":23,"column":4},"end":{"line":23,"column":57}},"8":{"start":{"line":24,"column":4},"end":{"line":24,"column":83}},"9":{"start":{"line":25,"column":4},"end":{"line":25,"column":79}},"10":{"start":{"line":27,"column":4},"end":{"line":30,"column":41}},"11":{"start":{"line":30,"column":17},"end":{"line":30,"column":38}},"12":{"start":{"line":33,"column":12},"end":{"line":33,"column":62}},"13":{"start":{"line":34,"column":16},"end":{"line":45,"column":1}},"14":{"start":{"line":35,"column":4},"end":{"line":44,"column":5}},"15":{"start":{"line":36,"column":8},"end":{"line":36,"column":69}},"16":{"start":{"line":38,"column":8},"end":{"line":40,"column":11}},"17":{"start":{"line":39,"column":12},"end":{"line":39,"column":39}},"18":{"start":{"line":41,"column":8},"end":{"line":43,"column":9}},"19":{"start":{"line":42,"column":12},"end":{"line":42,"column":40}},"20":{"start":{"line":46,"column":0},"end":{"line":46,"column":28}},"21":{"start":{"line":48,"column":15},"end":{"line":48,"column":66}},"22":{"start":{"line":49,"column":15},"end":{"line":49,"column":19}},"23":{"start":{"line":50,"column":0},"end":{"line":108,"column":1}},"24":{"start":{"line":51,"column":23},"end":{"line":107,"column":5}}},"fnMap":{"0":{"name":"(anonymous_0)","decl":{"start":{"line":11,"column":15},"end":{"line":11,"column":16}},"loc":{"start":{"line":11,"column":40},"end":{"line":18,"column":3}},"line":11},"1":{"name":"(anonymous_1)","decl":{"start":{"line":14,"column":18},"end":{"line":14,"column":19}},"loc":{"start":{"line":14,"column":31},"end":{"line":16,"column":7}},"line":14},"2":{"name":"(anonymous_2)","decl":{"start":{"line":22,"column":1},"end":{"line":22,"column":2}},"loc":{"start":{"line":22,"column":13},"end":{"line":31,"column":1}},"line":22},"3":{"name":"(anonymous_3)","decl":{"start":{"line":30,"column":10},"end":{"line":30,"column":11}},"loc":{"start":{"line":30,"column":17},"end":{"line":30,"column":38}},"line":30},"4":{"name":"(anonymous_4)","decl":{"start":{"line":34,"column":16},"end":{"line":34,"column":17}},"loc":{"start":{"line":34,"column":40},"end":{"line":45,"column":1}},"line":34},"5":{"name":"(anonymous_5)","decl":{"start":{"line":38,"column":24},"end":{"line":38,"column":25}},"loc":{"start":{"line":38,"column":40},"end":{"line":40,"column":9}},"line":38}},"branchMap":{"0":{"loc":{"start":{"line":35,"column":4},"end":{"line":44,"column":5}},"type":"if","locations":[{"start":{"line":35,"column":4},"end":{"line":44,"column":5}},{"start":{"line":37,"column":11},"end":{"line":44,"column":5}}],"line":35},"1":{"loc":{"start":{"line":41,"column":8},"end":{"line":43,"column":9}},"type":"if","locations":[{"start":{"line":41,"column":8},"end":{"line":43,"column":9}},{"start":{},"end":{}}],"line":41},"2":{"loc":{"start":{"line":50,"column":0},"end":{"line":108,"column":1}},"type":"if","locations":[{"start":{"line":50,"column":0},"end":{"line":108,"column":1}},{"start":{},"end":{}}],"line":50}},"s":{"0":0,"1":0,"2":0,"3":0,"4":0,"5":0,"6":0,"7":0,"8":0,"9":0,"10":0,"11":0,"12":0,"13":0,"14":0,"15":0,"16":0,"17":0,"18":0,"19":0,"20":0,"21":0,"22":0,"23":0,"24":0},"f":{"0":0,"1":0,"2":0,"3":0,"4":0,"5":0},"b":{"0":[0,0],"1":[0,0],"2":[0,0]}}
}
