TN:
SF:GWorkspaceReportsAPISentinelConnector\ArduinoIOTclient.js
FN:9,(anonymous_0)
FN:17,(anonymous_1)
FN:32,(anonymous_2)
FN:42,(anonymous_3)
FN:48,(anonymous_4)
FN:50,(anonymous_5)
FN:55,getToken
FNF:7
FNH:0
FNDA:0,(anonymous_0)
FNDA:0,(anonymous_1)
FNDA:0,(anonymous_2)
FNDA:0,(anonymous_3)
FNDA:0,(anonymous_4)
FNDA:0,(anonymous_5)
FNDA:0,getToken
DA:3,0
DA:4,0
DA:5,0
DA:6,0
DA:9,0
DA:10,0
DA:11,0
DA:12,0
DA:14,0
DA:17,0
DA:21,0
DA:22,0
DA:23,0
DA:24,0
DA:26,0
DA:32,0
DA:33,0
DA:34,0
DA:36,0
DA:37,0
DA:42,0
DA:43,0
DA:44,0
DA:45,0
DA:47,0
DA:48,0
DA:49,0
DA:51,0
DA:56,0
DA:58,0
DA:71,0
DA:72,0
DA:73,0
DA:74,0
DA:76,0
LF:35
LH:0
BRDA:33,0,0,0
BRDA:33,0,1,0
BRF:2
BRH:0
end_of_record
TN:
SF:GWorkspaceReportsAPISentinelConnector\joshaik.js
FN:4,udpEchoDemo
FN:5,(anonymous_1)
FN:10,(anonymous_2)
FN:18,(anonymous_3)
FN:27,(anonymous_4)
FN:35,(anonymous_5)
FNF:6
FNH:0
FNDA:0,udpEchoDemo
FNDA:0,(anonymous_1)
FNDA:0,(anonymous_2)
FNDA:0,(anonymous_3)
FNDA:0,(anonymous_4)
FNDA:0,(anonymous_5)
DA:2,0
DA:5,0
DA:6,0
DA:7,0
DA:9,0
DA:10,0
DA:11,0
DA:12,0
DA:13,0
DA:14,0
DA:18,0
DA:19,0
DA:20,0
DA:21,0
DA:22,0
DA:23,0
DA:27,0
DA:28,0
DA:29,0
DA:30,0
DA:31,0
DA:32,0
DA:35,0
DA:36,0
DA:37,0
DA:38,0
DA:39,0
DA:40,0
DA:46,0
LF:29
LH:0
BRDA:4,0,0,0
BRDA:4,1,0,0
BRDA:4,2,0,0
BRDA:11,3,0,0
BRDA:11,3,1,0
BRDA:19,4,0,0
BRDA:19,4,1,0
BRDA:23,5,0,0
BRDA:23,5,1,0
BRDA:23,6,0,0
BRDA:23,6,1,0
BRDA:28,7,0,0
BRDA:28,7,1,0
BRDA:36,8,0,0
BRDA:36,8,1,0
BRDA:36,9,0,0
BRDA:36,9,1,0
BRDA:40,10,0,0
BRDA:40,10,1,0
BRDA:40,11,0,0
BRDA:40,11,1,0
BRF:21
BRH:0
end_of_record
TN:
SF:GWorkspaceReportsAPISentinelConnector\main.js
FN:11,(anonymous_0)
FN:14,(anonymous_1)
FN:22,(anonymous_2)
FN:30,(anonymous_3)
FN:34,(anonymous_4)
FN:38,(anonymous_5)
FNF:6
FNH:0
FNDA:0,(anonymous_0)
FNDA:0,(anonymous_1)
FNDA:0,(anonymous_2)
FNDA:0,(anonymous_3)
FNDA:0,(anonymous_4)
FNDA:0,(anonymous_5)
DA:4,0
DA:5,0
DA:6,0
DA:10,0
DA:12,0
DA:15,0
DA:22,0
DA:23,0
DA:24,0
DA:25,0
DA:27,0
DA:30,0
DA:33,0
DA:34,0
DA:35,0
DA:36,0
DA:38,0
DA:39,0
DA:41,0
DA:42,0
DA:46,0
DA:48,0
DA:49,0
DA:50,0
DA:51,0
LF:25
LH:0
BRDA:35,0,0,0
BRDA:35,0,1,0
BRDA:41,1,0,0
BRDA:41,1,1,0
BRDA:50,2,0,0
BRDA:50,2,1,0
BRF:6
BRH:0
end_of_record
